d	deploy_verify_fixed_20260218_145127
d	deploy_verify_fixed_20260218_145631
d	diag_click_fixed_20260218_161546
d	patch_backup_20260218_100633
d	patch_backup_20260218_111113
d	patch_backup_20260218_111209
d	patch_backup_20260218_111550
d	pw_wrapper_diag_20260218_103604
d	pw_wrapper_diag_20260218_103839
d	pw_wrapper_diag_20260218_104043
d	pw_wrapper_diag_20260218_104320
d	pw_wrapper_diag_20260218_104548
d	pw_wrapper_diag_20260218_111304
d	pw_wrapper_diag_20260218_111747
f	backup_deploy_and_verify/deploy_and_verify.sh.20260218_145231.bak
f	backup_deploy_and_verify/deploy_and_verify.sh.20260218_145238.bak
f	backup_deploy_and_verify/deploy_and_verify.sh.20260218_145457.bak
f	backup_deploy_and_verify/deploy_and_verify.sh.20260218_145631.bak
f	_patch_backups/main.py.20260218_151850.bak
f	_patch_backups/main.py.20260218_152923.bak
f	_patch_backups/main.py.20260218_153532.bak
f	_patch_backups/main.py.20260218_153857.bak
f	_patch_backups/main.py.20260218_154517.bak
f	_patch_backups/main.py.20260218_154911.bak
f	_patch_backups/main.py.20260218_155152.bak
f	_patch_backups/main.py.20260218_160448.bak
